YCVideoPlayerLib/build/intermediates/manifest_merge_blame_file/debug/manifest-merger-blame-debug-report.txt
1<?xml version="1.0" encoding="utf-8"?>
2<manifest xmlns:android="http://schemas.android.com/apk/res/android"
3    xmlns:tools="http://schemas.android.com/tools"
4    package="org.yczbj.ycvideoplayerlib"
5    android:versionCode="18"
6    android:versionName="2.6.4" >
7
8    <uses-sdk
9        android:minSdkVersion="21"
9-->src\main\AndroidManifest.xml
10        android:targetSdkVersion="28" />
10-->src\main\AndroidManifest.xml
11
12    <!-- 监听网络状态变化需要的权限 -->
13    <uses-permission android:name="android.permission.ACCESS_NETWORK_STATE" />
13-->src\main\AndroidManifest.xml:7:5-79
13-->src\main\AndroidManifest.xml:7:22-76
14
15    <application>
15-->src\main\AndroidManifest.xml:9:5-16:19
16        <receiver android:name="org.yczbj.ycvideoplayerlib.receiver.BatterReceiver" />
16-->src\main\AndroidManifest.xml:10:9-60
16-->src\main\AndroidManifest.xml:10:19-58
17        <receiver android:name="org.yczbj.ycvideoplayerlib.receiver.NetChangedReceiver" >
17-->src\main\AndroidManifest.xml:11:9-15:20
17-->src\main\AndroidManifest.xml:11:19-62
18            <intent-filter>
18-->src\main\AndroidManifest.xml:12:13-14:29
19                <action android:name="android.net.conn.CONNECTIVITY_CHANGE" />
19-->src\main\AndroidManifest.xml:13:17-78
19-->src\main\AndroidManifest.xml:13:25-76
20            </intent-filter>
21        </receiver>
22    </application>
23
24</manifest>